<?xml version="1.0" encoding="UTF-8"?>
<!-- Generated by org.testng.reporters.JUnitReportReporter -->
<testsuite skipped="0" hostname="ip-172-31-28-216" name="apiChaining.EndToEnd" tests="1" failures="0" timestamp="07 Jul 2022 21:58:04 GMT" time="1.840" errors="0">
  <testcase name="EndToEndChaining" time="1.840" classname="apiChaining.EndToEnd"/>
</testsuite> <!-- apiChaining.EndToEnd -->
